0 info it worked if it ends with ok
1 verbose cli [ '/usr/bin/node',
1 verbose cli   '/usr/bin/npm',
1 verbose cli   'i',
1 verbose cli   '@babel/core',
1 verbose cli   'babel-loader',
1 verbose cli   '@babel/preset-env',
1 verbose cli   '@bable/preset-react',
1 verbose cli   'babel-plugin-transform-class-properties',
1 verbose cli   '--save-dev' ]
2 info using npm@3.5.2
3 info using node@v8.10.0
4 silly loadCurrentTree Starting
5 silly install loadCurrentTree
6 silly install readLocalPackageData
7 silly fetchPackageMetaData @babel/core
8 silly fetchPackageMetaData babel-loader
9 silly fetchPackageMetaData @babel/preset-env
10 silly fetchPackageMetaData @bable/preset-react
11 silly fetchPackageMetaData babel-plugin-transform-class-properties
12 silly fetchNamedPackageData @babel/core
13 silly mapToRegistry name @babel/core
14 silly mapToRegistry scope (from package name) @babel
15 verbose mapToRegistry no registry URL found in name for scope @babel
16 silly mapToRegistry using default registry
17 silly mapToRegistry registry https://registry.npmjs.org/
18 silly mapToRegistry uri https://registry.npmjs.org/@babel%2fcore
19 silly fetchNamedPackageData babel-loader
20 silly mapToRegistry name babel-loader
21 silly mapToRegistry using default registry
22 silly mapToRegistry registry https://registry.npmjs.org/
23 silly mapToRegistry uri https://registry.npmjs.org/babel-loader
24 silly fetchNamedPackageData @babel/preset-env
25 silly mapToRegistry name @babel/preset-env
26 silly mapToRegistry scope (from package name) @babel
27 verbose mapToRegistry no registry URL found in name for scope @babel
28 silly mapToRegistry using default registry
29 silly mapToRegistry registry https://registry.npmjs.org/
30 silly mapToRegistry uri https://registry.npmjs.org/@babel%2fpreset-env
31 silly fetchNamedPackageData @bable/preset-react
32 silly mapToRegistry name @bable/preset-react
33 silly mapToRegistry scope (from package name) @bable
34 verbose mapToRegistry no registry URL found in name for scope @bable
35 silly mapToRegistry using default registry
36 silly mapToRegistry registry https://registry.npmjs.org/
37 silly mapToRegistry uri https://registry.npmjs.org/@bable%2fpreset-react
38 silly fetchNamedPackageData babel-plugin-transform-class-properties
39 silly mapToRegistry name babel-plugin-transform-class-properties
40 silly mapToRegistry using default registry
41 silly mapToRegistry registry https://registry.npmjs.org/
42 silly mapToRegistry uri https://registry.npmjs.org/babel-plugin-transform-class-properties
43 verbose request uri https://registry.npmjs.org/@bable%2fpreset-react
44 verbose request no auth needed
45 info attempt registry request try #1 at 09:01:13
46 verbose request id 8707685904adf9d3
47 http request GET https://registry.npmjs.org/@bable%2fpreset-react
48 verbose request uri https://registry.npmjs.org/@babel%2fpreset-env
49 verbose request no auth needed
50 info attempt registry request try #1 at 09:01:14
51 http request GET https://registry.npmjs.org/@babel%2fpreset-env
52 verbose request uri https://registry.npmjs.org/@babel%2fcore
53 verbose request no auth needed
54 info attempt registry request try #1 at 09:01:14
55 http request GET https://registry.npmjs.org/@babel%2fcore
56 verbose request uri https://registry.npmjs.org/babel-loader
57 verbose request no auth needed
58 info attempt registry request try #1 at 09:01:14
59 verbose etag W/"ec4dcbdd00a97cde00f2ca6887d1ac20"
60 verbose lastModified Sun, 12 May 2019 06:08:23 GMT
61 http request GET https://registry.npmjs.org/babel-loader
62 verbose request uri https://registry.npmjs.org/babel-plugin-transform-class-properties
63 verbose request no auth needed
64 info attempt registry request try #1 at 09:01:14
65 verbose etag W/"76db8a44c24ca06c134ede06ea0a9df0"
66 verbose lastModified Tue, 01 Jan 2019 07:34:22 GMT
67 http request GET https://registry.npmjs.org/babel-plugin-transform-class-properties
68 http 304 https://registry.npmjs.org/babel-loader
69 verbose headers { date: 'Fri, 06 Sep 2019 15:01:20 GMT',
69 verbose headers   connection: 'keep-alive',
69 verbose headers   'set-cookie':
69 verbose headers    [ '__cfduid=d40b494755cac86c85c953ce5e545df831567782080; expires=Sat, 05-Sep-20 15:01:20 GMT; path=/; domain=.npmjs.org; HttpOnly' ],
69 verbose headers   'cf-cache-status': 'HIT',
69 verbose headers   'cache-control': 'max-age=300',
69 verbose headers   'cf-ray': '51215154fcaa7d7f-LIM',
69 verbose headers   age: '1867',
69 verbose headers   etag: '"ec4dcbdd00a97cde00f2ca6887d1ac20"',
69 verbose headers   'expect-ct': 'max-age=604800, report-uri="https://report-uri.cloudflare.com/cdn-cgi/beacon/expect-ct"',
69 verbose headers   'last-modified': 'Sun, 12 May 2019 06:08:23 GMT',
69 verbose headers   vary: 'accept-encoding, accept',
69 verbose headers   'x-amz-meta-rev': '210-56d01b6cfbda3907edcf240005e15289',
69 verbose headers   server: 'cloudflare' }
70 silly get cb [ 304,
70 silly get   { date: 'Fri, 06 Sep 2019 15:01:20 GMT',
70 silly get     connection: 'keep-alive',
70 silly get     'set-cookie':
70 silly get      [ '__cfduid=d40b494755cac86c85c953ce5e545df831567782080; expires=Sat, 05-Sep-20 15:01:20 GMT; path=/; domain=.npmjs.org; HttpOnly' ],
70 silly get     'cf-cache-status': 'HIT',
70 silly get     'cache-control': 'max-age=300',
70 silly get     'cf-ray': '51215154fcaa7d7f-LIM',
70 silly get     age: '1867',
70 silly get     etag: '"ec4dcbdd00a97cde00f2ca6887d1ac20"',
70 silly get     'expect-ct': 'max-age=604800, report-uri="https://report-uri.cloudflare.com/cdn-cgi/beacon/expect-ct"',
70 silly get     'last-modified': 'Sun, 12 May 2019 06:08:23 GMT',
70 silly get     vary: 'accept-encoding, accept',
70 silly get     'x-amz-meta-rev': '210-56d01b6cfbda3907edcf240005e15289',
70 silly get     server: 'cloudflare' } ]
71 verbose etag https://registry.npmjs.org/babel-loader from cache
72 verbose get saving babel-loader to /home/hugomarco/.npm/registry.npmjs.org/babel-loader/.cache.json
73 http 200 https://registry.npmjs.org/@babel%2fpreset-env
74 verbose headers { date: 'Fri, 06 Sep 2019 15:01:20 GMT',
74 verbose headers   'content-type': 'application/json',
74 verbose headers   'transfer-encoding': 'chunked',
74 verbose headers   connection: 'keep-alive',
74 verbose headers   'set-cookie':
74 verbose headers    [ '__cfduid=d48a0b8ee80bb661fe68923d36d80e43c1567782080; expires=Sat, 05-Sep-20 15:01:20 GMT; path=/; domain=.npmjs.org; HttpOnly' ],
74 verbose headers   'cf-cache-status': 'HIT',
74 verbose headers   'cache-control': 'public, max-age=300',
74 verbose headers   'cf-ray': '51215154ca951609-LIM',
74 verbose headers   age: '1848',
74 verbose headers   etag: 'W/"b65898555151ca1863f0fd001c4443d5"',
74 verbose headers   'expect-ct': 'max-age=604800, report-uri="https://report-uri.cloudflare.com/cdn-cgi/beacon/expect-ct"',
74 verbose headers   'last-modified': 'Wed, 17 Jul 2019 21:22:06 GMT',
74 verbose headers   vary: 'Accept-Encoding',
74 verbose headers   'x-amz-meta-rev': '84-219af298ab0035b03932451c8a62d66c',
74 verbose headers   server: 'cloudflare',
74 verbose headers   'content-encoding': 'gzip' }
75 silly get cb [ 200,
75 silly get   { date: 'Fri, 06 Sep 2019 15:01:20 GMT',
75 silly get     'content-type': 'application/json',
75 silly get     'transfer-encoding': 'chunked',
75 silly get     connection: 'keep-alive',
75 silly get     'set-cookie':
75 silly get      [ '__cfduid=d48a0b8ee80bb661fe68923d36d80e43c1567782080; expires=Sat, 05-Sep-20 15:01:20 GMT; path=/; domain=.npmjs.org; HttpOnly' ],
75 silly get     'cf-cache-status': 'HIT',
75 silly get     'cache-control': 'public, max-age=300',
75 silly get     'cf-ray': '51215154ca951609-LIM',
75 silly get     age: '1848',
75 silly get     etag: 'W/"b65898555151ca1863f0fd001c4443d5"',
75 silly get     'expect-ct': 'max-age=604800, report-uri="https://report-uri.cloudflare.com/cdn-cgi/beacon/expect-ct"',
75 silly get     'last-modified': 'Wed, 17 Jul 2019 21:22:06 GMT',
75 silly get     vary: 'Accept-Encoding',
75 silly get     'x-amz-meta-rev': '84-219af298ab0035b03932451c8a62d66c',
75 silly get     server: 'cloudflare',
75 silly get     'content-encoding': 'gzip' } ]
76 verbose get saving @babel/preset-env to /home/hugomarco/.npm/registry.npmjs.org/_40babel_252fpreset-env/.cache.json
77 http 304 https://registry.npmjs.org/babel-plugin-transform-class-properties
78 verbose headers { date: 'Fri, 06 Sep 2019 15:01:20 GMT',
78 verbose headers   connection: 'keep-alive',
78 verbose headers   'set-cookie':
78 verbose headers    [ '__cfduid=d35bb6c370f87a6d7ea8355868ba312861567782080; expires=Sat, 05-Sep-20 15:01:20 GMT; path=/; domain=.npmjs.org; HttpOnly' ],
78 verbose headers   'cf-cache-status': 'HIT',
78 verbose headers   'cache-control': 'max-age=300',
78 verbose headers   'cf-ray': '51215154da16163f-LIM',
78 verbose headers   etag: '"76db8a44c24ca06c134ede06ea0a9df0"',
78 verbose headers   'expect-ct': 'max-age=604800, report-uri="https://report-uri.cloudflare.com/cdn-cgi/beacon/expect-ct"',
78 verbose headers   'last-modified': 'Tue, 01 Jan 2019 07:34:22 GMT',
78 verbose headers   vary: 'accept-encoding, accept',
78 verbose headers   'x-amz-meta-rev': '129-871cf5a20ebf0e9db44d5c6f9c8fab95',
78 verbose headers   server: 'cloudflare' }
79 silly get cb [ 304,
79 silly get   { date: 'Fri, 06 Sep 2019 15:01:20 GMT',
79 silly get     connection: 'keep-alive',
79 silly get     'set-cookie':
79 silly get      [ '__cfduid=d35bb6c370f87a6d7ea8355868ba312861567782080; expires=Sat, 05-Sep-20 15:01:20 GMT; path=/; domain=.npmjs.org; HttpOnly' ],
79 silly get     'cf-cache-status': 'HIT',
79 silly get     'cache-control': 'max-age=300',
79 silly get     'cf-ray': '51215154da16163f-LIM',
79 silly get     etag: '"76db8a44c24ca06c134ede06ea0a9df0"',
79 silly get     'expect-ct': 'max-age=604800, report-uri="https://report-uri.cloudflare.com/cdn-cgi/beacon/expect-ct"',
79 silly get     'last-modified': 'Tue, 01 Jan 2019 07:34:22 GMT',
79 silly get     vary: 'accept-encoding, accept',
79 silly get     'x-amz-meta-rev': '129-871cf5a20ebf0e9db44d5c6f9c8fab95',
79 silly get     server: 'cloudflare' } ]
80 verbose etag https://registry.npmjs.org/babel-plugin-transform-class-properties from cache
81 verbose get saving babel-plugin-transform-class-properties to /home/hugomarco/.npm/registry.npmjs.org/babel-plugin-transform-class-properties/.cache.json
82 http 200 https://registry.npmjs.org/@babel%2fcore
83 verbose headers { date: 'Fri, 06 Sep 2019 15:01:20 GMT',
83 verbose headers   'content-type': 'application/json',
83 verbose headers   'transfer-encoding': 'chunked',
83 verbose headers   connection: 'keep-alive',
83 verbose headers   'set-cookie':
83 verbose headers    [ '__cfduid=de06664203d7f04f0129bdb17a9d87e951567782080; expires=Sat, 05-Sep-20 15:01:20 GMT; path=/; domain=.npmjs.org; HttpOnly' ],
83 verbose headers   'cf-cache-status': 'HIT',
83 verbose headers   'cache-control': 'public, max-age=300',
83 verbose headers   'cf-ray': '51215154dfc37d97-LIM',
83 verbose headers   age: '1867',
83 verbose headers   etag: 'W/"781262606d912089f7ca99224535f029"',
83 verbose headers   'expect-ct': 'max-age=604800, report-uri="https://report-uri.cloudflare.com/cdn-cgi/beacon/expect-ct"',
83 verbose headers   'last-modified': 'Wed, 17 Jul 2019 21:22:00 GMT',
83 verbose headers   vary: 'Accept-Encoding',
83 verbose headers   'x-amz-meta-rev': '87-6fa123e85266f69cbfb7d5ae3885e07e',
83 verbose headers   server: 'cloudflare',
83 verbose headers   'content-encoding': 'gzip' }
84 silly get cb [ 200,
84 silly get   { date: 'Fri, 06 Sep 2019 15:01:20 GMT',
84 silly get     'content-type': 'application/json',
84 silly get     'transfer-encoding': 'chunked',
84 silly get     connection: 'keep-alive',
84 silly get     'set-cookie':
84 silly get      [ '__cfduid=de06664203d7f04f0129bdb17a9d87e951567782080; expires=Sat, 05-Sep-20 15:01:20 GMT; path=/; domain=.npmjs.org; HttpOnly' ],
84 silly get     'cf-cache-status': 'HIT',
84 silly get     'cache-control': 'public, max-age=300',
84 silly get     'cf-ray': '51215154dfc37d97-LIM',
84 silly get     age: '1867',
84 silly get     etag: 'W/"781262606d912089f7ca99224535f029"',
84 silly get     'expect-ct': 'max-age=604800, report-uri="https://report-uri.cloudflare.com/cdn-cgi/beacon/expect-ct"',
84 silly get     'last-modified': 'Wed, 17 Jul 2019 21:22:00 GMT',
84 silly get     vary: 'Accept-Encoding',
84 silly get     'x-amz-meta-rev': '87-6fa123e85266f69cbfb7d5ae3885e07e',
84 silly get     server: 'cloudflare',
84 silly get     'content-encoding': 'gzip' } ]
85 verbose get saving @babel/core to /home/hugomarco/.npm/registry.npmjs.org/_40babel_252fcore/.cache.json
86 http 404 https://registry.npmjs.org/@bable%2fpreset-react
87 verbose headers { date: 'Fri, 06 Sep 2019 15:01:21 GMT',
87 verbose headers   'content-type': 'application/json',
87 verbose headers   'content-length': '21',
87 verbose headers   connection: 'keep-alive',
87 verbose headers   'set-cookie':
87 verbose headers    [ '__cfduid=de0cacb5f313c37173c1b6b716fc0ab4b1567782080; expires=Sat, 05-Sep-20 15:01:20 GMT; path=/; domain=.npmjs.org; HttpOnly' ],
87 verbose headers   'cf-ray': '51215154bf087da9-LIM',
87 verbose headers   'expect-ct': 'max-age=604800, report-uri="https://report-uri.cloudflare.com/cdn-cgi/beacon/expect-ct"',
87 verbose headers   vary: 'Accept-Encoding',
87 verbose headers   server: 'cloudflare' }
88 silly get cb [ 404,
88 silly get   { date: 'Fri, 06 Sep 2019 15:01:21 GMT',
88 silly get     'content-type': 'application/json',
88 silly get     'content-length': '21',
88 silly get     connection: 'keep-alive',
88 silly get     'set-cookie':
88 silly get      [ '__cfduid=de0cacb5f313c37173c1b6b716fc0ab4b1567782080; expires=Sat, 05-Sep-20 15:01:20 GMT; path=/; domain=.npmjs.org; HttpOnly' ],
88 silly get     'cf-ray': '51215154bf087da9-LIM',
88 silly get     'expect-ct': 'max-age=604800, report-uri="https://report-uri.cloudflare.com/cdn-cgi/beacon/expect-ct"',
88 silly get     vary: 'Accept-Encoding',
88 silly get     server: 'cloudflare' } ]
89 silly fetchPackageMetaData Error: Not found : @bable/preset-react
89 silly fetchPackageMetaData     at makeError (/usr/share/npm/node_modules/npm-registry-client/lib/request.js:264:12)
89 silly fetchPackageMetaData     at CachingRegistryClient.<anonymous> (/usr/share/npm/node_modules/npm-registry-client/lib/request.js:252:14)
89 silly fetchPackageMetaData     at Request._callback (/usr/share/npm/node_modules/npm-registry-client/lib/request.js:172:14)
89 silly fetchPackageMetaData     at Request.self.callback (/usr/share/npm/node_modules/request/request.js:198:22)
89 silly fetchPackageMetaData     at emitTwo (events.js:126:13)
89 silly fetchPackageMetaData     at Request.emit (events.js:214:7)
89 silly fetchPackageMetaData     at Request.<anonymous> (/usr/share/npm/node_modules/request/request.js:1082:10)
89 silly fetchPackageMetaData     at emitOne (events.js:121:20)
89 silly fetchPackageMetaData     at Request.emit (events.js:211:7)
89 silly fetchPackageMetaData     at IncomingMessage.<anonymous> (/usr/share/npm/node_modules/request/request.js:1009:12)
89 silly fetchPackageMetaData  error for @bable/preset-react { Error: Not found : @bable/preset-react
89 silly fetchPackageMetaData     at makeError (/usr/share/npm/node_modules/npm-registry-client/lib/request.js:264:12)
89 silly fetchPackageMetaData     at CachingRegistryClient.<anonymous> (/usr/share/npm/node_modules/npm-registry-client/lib/request.js:252:14)
89 silly fetchPackageMetaData     at Request._callback (/usr/share/npm/node_modules/npm-registry-client/lib/request.js:172:14)
89 silly fetchPackageMetaData     at Request.self.callback (/usr/share/npm/node_modules/request/request.js:198:22)
89 silly fetchPackageMetaData     at emitTwo (events.js:126:13)
89 silly fetchPackageMetaData     at Request.emit (events.js:214:7)
89 silly fetchPackageMetaData     at Request.<anonymous> (/usr/share/npm/node_modules/request/request.js:1082:10)
89 silly fetchPackageMetaData     at emitOne (events.js:121:20)
89 silly fetchPackageMetaData     at Request.emit (events.js:211:7)
89 silly fetchPackageMetaData     at IncomingMessage.<anonymous> (/usr/share/npm/node_modules/request/request.js:1009:12) pkgid: '@bable/preset-react', statusCode: 404, code: 'E404' }
90 silly rollbackFailedOptional Starting
91 silly rollbackFailedOptional Finishing
92 silly runTopLevelLifecycles Starting
93 silly runTopLevelLifecycles Finishing
94 silly install printInstalled
95 verbose stack Error: Not found : @bable/preset-react
95 verbose stack     at makeError (/usr/share/npm/node_modules/npm-registry-client/lib/request.js:264:12)
95 verbose stack     at CachingRegistryClient.<anonymous> (/usr/share/npm/node_modules/npm-registry-client/lib/request.js:252:14)
95 verbose stack     at Request._callback (/usr/share/npm/node_modules/npm-registry-client/lib/request.js:172:14)
95 verbose stack     at Request.self.callback (/usr/share/npm/node_modules/request/request.js:198:22)
95 verbose stack     at emitTwo (events.js:126:13)
95 verbose stack     at Request.emit (events.js:214:7)
95 verbose stack     at Request.<anonymous> (/usr/share/npm/node_modules/request/request.js:1082:10)
95 verbose stack     at emitOne (events.js:121:20)
95 verbose stack     at Request.emit (events.js:211:7)
95 verbose stack     at IncomingMessage.<anonymous> (/usr/share/npm/node_modules/request/request.js:1009:12)
96 verbose statusCode 404
97 verbose pkgid @bable/preset-react
98 verbose cwd /home/hugomarco/Escritorio/djangoReact/django-drf-react-quickstart
99 error Linux 5.0.0-27-generic
100 error argv "/usr/bin/node" "/usr/bin/npm" "i" "@babel/core" "babel-loader" "@babel/preset-env" "@bable/preset-react" "babel-plugin-transform-class-properties" "--save-dev"
101 error node v8.10.0
102 error npm  v3.5.2
103 error code E404
104 error 404 Not found : @bable/preset-react
105 error 404
106 error 404 '@bable/preset-react' is not in the npm registry.
107 error 404 You should bug the author to publish it (or use the name yourself!)
108 error 404 Note that you can also install from a
109 error 404 tarball, folder, http url, or git url.
110 verbose exit [ 1, true ]
